android/app/build/outputs/mapping/release/seeds.txt
com.anasio.battleships.MainActivity
com.anasio.battleships.services.BackgroundTimerService
com.anasio.battleships.viewmodel.GameViewModel
com.anasio.battleships.i18n.Language: com.anasio.battleships.i18n.Language[] values()
com.anasio.battleships.ui.theme.ThemeId: com.anasio.battleships.ui.theme.ThemeId valueOf(java.lang.String)
com.anasio.battleships.i18n.Language: com.anasio.battleships.i18n.Language valueOf(java.lang.String)
com.anasio.battleships.viewmodel.GameViewModel: GameViewModel(android.app.Application)
com.anasio.battleships.ui.theme.ThemeId: com.anasio.battleships.ui.theme.ThemeId[] values()
com.anasio.battleships.MainActivity: MainActivity()
com.anasio.battleships.services.BackgroundTimerService: BackgroundTimerService()
...
okhttp3.internal.ws.WebSocketReader: void readMessage()
androidx.compose.ui.window.PopupLayout: androidx.compose.ui.layout.LayoutCoordinates getParentLayoutCoordinates()
okhttp3.EventListener: void dnsStart(okhttp3.Call,java.lang.String)
io.socket.client.Socket: void access$1300(io.socket.client.Socket)
okio.HashingSource: HashingSource(okio.Source,java.lang.String)
okio.Buffer: int select(okio.Options)
okhttp3.internal.platform.ConscryptPlatform: java.security.Provider getProvider()
io.socket.engineio.client.Socket: boolean access$302(boolean)
androidx.core.view.WindowInsetsCompat$Impl: androidx.core.graphics.Insets getInsets(int)
okio.DeflaterSink: void close()
androidx.lifecycle.ProcessLifecycleOwner$attach$1: void onActivityCreated(android.app.Activity,android.os.Bundle)
okio.SegmentedByteString: byte[] toByteArray()
io.socket.engineio.client.Transport: void onClose()
okio.Buffer: java.lang.String toString()
okhttp3.internal.io.FileSystem$1: okio.Sink appendingSink(java.io.File)
androidx.lifecycle.ProcessLifecycleOwner$attach$1: ProcessLifecycleOwner$attach$1(androidx.lifecycle.ProcessLifecycleOwner)
okio.DeflaterSink: void flush()
androidx.compose.ui.platform.AndroidComposeView: androidx.compose.ui.graphics.GraphicsContext getGraphicsContext()
okhttp3.internal.http2.Http2Stream: int getId()
okhttp3.ConnectionSpec: java.util.List tlsVersions()
io.socket.client.Manager: io.socket.client.Manager reconnectionDelayMax(long)
okio.AsyncTimeout$2: void close()
io.socket.thread.EventThread$1: EventThread$1()
okio.BufferedSource: int readIntLe()
okhttp3.Dispatcher: void finished(java.util.Deque,java.lang.Object)
okhttp3.internal.http.RealInterceptorChain: RealInterceptorChain(java.util.List,okhttp3.internal.connection.StreamAllocation,okhttp3.internal.http.HttpCodec,okhttp3.internal.connection.RealConnection,int,okhttp3.Request,okhttp3.Call,okhttp3.EventListener,int,int,int)
okio.Buffer: java.lang.String readUtf8(long)
androidx.compose.foundation.text.input.internal.undo.TextEditType: androidx.compose.foundation.text.input.internal.undo.TextEditType[] values()
okhttp3.internal.http2.Http2Connection$ReaderRunnable$1: Http2Connection$ReaderRunnable$1(okhttp3.internal.http2.Http2Connection$ReaderRunnable,java.lang.String,java.lang.Object[],okhttp3.internal.http2.Http2Stream)
okhttp3.HttpUrl$Builder: okhttp3.HttpUrl$Builder addEncodedPathSegments(java.lang.String)
okhttp3.internal.cache.DiskLruCache$2: DiskLruCache$2(okhttp3.internal.cache.DiskLruCache,okio.Sink)
okio.BufferedSource: short readShort()
okhttp3.internal.ws.RealWebSocket: void failWebSocket(java.lang.Exception,okhttp3.Response)
okhttp3.Authenticator$1: okhttp3.Request authenticate(okhttp3.Route,okhttp3.Response)
androidx.lifecycle.LifecycleDispatcher$DispatcherActivityCallback: LifecycleDispatcher$DispatcherActivityCallback()
okhttp3.internal.http.RetryAndFollowUpInterceptor: okhttp3.Request followUpRequest(okhttp3.Response,okhttp3.Route)
okhttp3.HttpUrl$Builder: okhttp3.HttpUrl$Builder addPathSegment(java.lang.String)
io.socket.engineio.client.Socket: void onDrain()
okhttp3.internal.http2.Http2Stream$FramingSink: void close()
okhttp3.HttpUrl: boolean equals(java.lang.Object)
androidx.core.view.WindowInsetsCompat$Impl: void copyRootViewBounds(android.view.View)
androidx.profileinstaller.FileSectionType: androidx.profileinstaller.FileSectionType[] values()
androidx.profileinstaller.FileSectionType: androidx.profileinstaller.FileSectionType valueOf(java.lang.String)
okhttp3.Cache: java.io.File directory()
okhttp3.HttpUrl: void percentDecode(okio.Buffer,java.lang.String,int,int,boolean)
okio.RealBufferedSink: okio.BufferedSink writeIntLe(int)
io.socket.engineio.client.Transport: void doOpen()
okhttp3.internal.http2.Http2Reader$ContinuationSource: okio.Timeout timeout()
okhttp3.internal.Internal: boolean isInvalidHttpUrlHost(java.lang.IllegalArgumentException)
okio.RealBufferedSource: java.lang.String readString(long,java.nio.charset.Charset)