android/app/build/outputs/mapping/release/usage.txt
com.anasio.battleships.R$color
com.anasio.battleships.R$mipmap
com.anasio.battleships.R$raw
com.anasio.battleships.R$string:
    public static int action_back_to_menu
    public static int action_create_game
    public static int action_join_game
    public static int action_leave_room
    public static int action_play_again
    public static int action_ready
    public static int action_spectate
    public static int action_surrender
    public static int app_name
    public static int cd_chat
    public static int cd_send_message
    public static int cd_toggle_music
    public static int cd_toggle_sound
    public static int phase_battle
    public static int phase_game_over
    public static int phase_login
    public static int phase_placement
    public static int phase_waiting
    private void <init>()
com.anasio.battleships.R$style
com.anasio.battleships.R$xml
com.anasio.battleships.R
com.anasio.battleships.data.CellState
com.anasio.battleships.data.ChatMessage:
    public static final int $stable
    public synthetic void <init>(java.lang.String,java.lang.String,java.lang.String,java.lang.String,long,boolean,boolean,int,kotlin.jvm.internal.DefaultConstructorMarker)
    public final java.lang.String component1()
    public final java.lang.String component2()
    public final java.lang.String component3()
    public final java.lang.String component4()
    public final long component5()
    public final boolean component6()
    public final boolean component7()
    public final com.anasio.battleships.data.ChatMessage copy(java.lang.String,java.lang.String,java.lang.String,java.lang.String,long,boolean,boolean)
    public static synthetic com.anasio.battleships.data.ChatMessage copy$default(com.anasio.battleships.data.ChatMessage,java.lang.String,java.lang.String,java.lang.String,java.lang.String,long,boolean,boolean,int,java.lang.Object)
    public final java.lang.String getSenderId()
    public final long getTimestamp()
com.anasio.battleships.data.ConstantsKt:
    public static final int DEFAULT_GAME_TIME_SECONDS
    public static final int GRID_SIZE
    public static final int MAX_CHAT_LENGTH
    public static final int MAX_GAME_TIME_SECONDS
    public static final int MAX_SPECTATORS
    public static final int MIN_GAME_TIME_SECONDS
    public static final java.lang.String SERVER_URL
com.anasio.battleships.data.ModelsKt
com.anasio.battleships.data.PendingJoin:
    public static final int $stable
    public final java.lang.String component1()
    public final java.lang.String component2()
    public final boolean component3()
    public final boolean component4()
    public final int component5()
    public final com.anasio.battleships.data.PendingJoin copy(java.lang.String,java.lang.String,boolean,boolean,int)
    public static synthetic com.anasio.battleships.data.PendingJoin copy$default(com.anasio.battleships.data.PendingJoin,java.lang.String,java.lang.String,boolean,boolean,int,int,java.lang.Object)
com.anasio.battleships.data.PlacedShip:
    public final int component1()
    public final int component2()
    public final int component3()
    public final int component4()
    public final java.lang.String component5()
    public final java.util.List component6()
    public final com.anasio.battleships.data.PlacedShip copy(int,int,int,int,java.lang.String,java.util.List)
    public static synthetic com.anasio.battleships.data.PlacedShip copy$default(com.anasio.battleships.data.PlacedShip,int,int,int,int,java.lang.String,java.util.List,int,java.lang.Object)
...
kotlinx.serialization.internal.SerializerCache$DefaultImpls
kotlinx.serialization.internal.SerializerCache
kotlinx.serialization.internal.SerializerFactory
kotlinx.serialization.internal.ShortArrayBuilder
kotlinx.serialization.internal.ShortArraySerializer
kotlinx.serialization.internal.ShortSerializer
kotlinx.serialization.internal.StringSerializer
kotlinx.serialization.internal.SuppressAnimalSniffer
kotlinx.serialization.internal.TaggedDecoder
kotlinx.serialization.internal.TaggedEncoder
kotlinx.serialization.internal.TripleSerializer
kotlinx.serialization.internal.TuplesKt
kotlinx.serialization.internal.UByteArrayBuilder
kotlinx.serialization.internal.UByteArraySerializer
kotlinx.serialization.internal.UByteSerializer
kotlinx.serialization.internal.UIntArrayBuilder
kotlinx.serialization.internal.UIntArraySerializer
kotlinx.serialization.internal.UIntSerializer
kotlinx.serialization.internal.ULongArrayBuilder
kotlinx.serialization.internal.ULongArraySerializer
kotlinx.serialization.internal.ULongSerializer
kotlinx.serialization.internal.UShortArrayBuilder
kotlinx.serialization.internal.UShortArraySerializer
kotlinx.serialization.internal.UShortSerializer
kotlinx.serialization.internal.UnitSerializer
kotlinx.serialization.internal.UuidSerializer
kotlinx.serialization.modules.ContextualProvider$Argless
kotlinx.serialization.modules.ContextualProvider$WithTypeArguments
kotlinx.serialization.modules.ContextualProvider
kotlinx.serialization.modules.PolymorphicModuleBuilder
kotlinx.serialization.modules.PolymorphicModuleBuilderKt
kotlinx.serialization.modules.SerialModuleImpl
kotlinx.serialization.modules.SerializerAlreadyRegisteredException
kotlinx.serialization.modules.SerializersModule
kotlinx.serialization.modules.SerializersModuleBuilder
kotlinx.serialization.modules.SerializersModuleBuildersKt$polymorphic$1
kotlinx.serialization.modules.SerializersModuleBuildersKt
kotlinx.serialization.modules.SerializersModuleCollector$DefaultImpls
kotlinx.serialization.modules.SerializersModuleCollector
kotlinx.serialization.modules.SerializersModuleKt$overwriteWith$1$1
kotlinx.serialization.modules.SerializersModuleKt
org.intellij.lang.annotations.Flow
org.intellij.lang.annotations.Identifier
org.intellij.lang.annotations.JdkConstants$AdjustableOrientation
org.intellij.lang.annotations.JdkConstants$BoxLayoutAxis
org.intellij.lang.annotations.JdkConstants$CalendarMonth
org.intellij.lang.annotations.JdkConstants$CursorType
org.intellij.lang.annotations.JdkConstants$FlowLayoutAlignment
org.intellij.lang.annotations.JdkConstants$FontStyle
org.intellij.lang.annotations.JdkConstants$HorizontalAlignment
org.intellij.lang.annotations.JdkConstants$HorizontalScrollBarPolicy
org.intellij.lang.annotations.JdkConstants$InputEventMask
org.intellij.lang.annotations.JdkConstants$ListSelectionMode
org.intellij.lang.annotations.JdkConstants$PatternFlags
org.intellij.lang.annotations.JdkConstants$TabLayoutPolicy
org.intellij.lang.annotations.JdkConstants$TabPlacement
org.intellij.lang.annotations.JdkConstants$TitledBorderJustification
org.intellij.lang.annotations.JdkConstants$TitledBorderTitlePosition
org.intellij.lang.annotations.JdkConstants$TreeSelectionMode
org.intellij.lang.annotations.JdkConstants$VerticalScrollBarPolicy
org.intellij.lang.annotations.JdkConstants
org.intellij.lang.annotations.Language
org.intellij.lang.annotations.MagicConstant
org.intellij.lang.annotations.Pattern
org.intellij.lang.annotations.PrintFormat
org.intellij.lang.annotations.PrintFormatPattern
org.intellij.lang.annotations.RegExp
org.intellij.lang.annotations.Subst
org.jetbrains.annotations.ApiStatus$AvailableSince
org.jetbrains.annotations.ApiStatus$Experimental
org.jetbrains.annotations.ApiStatus$Internal
org.jetbrains.annotations.ApiStatus$NonExtendable
org.jetbrains.annotations.ApiStatus$OverrideOnly
org.jetbrains.annotations.ApiStatus$ScheduledForRemoval
org.jetbrains.annotations.ApiStatus
org.jetbrains.annotations.Async$Execute